<?xml version="1.0" encoding="UTF-8"?>
<testsuite xmlns:xsi="http://www.w3.org/2001/XMLSchema-instance" xsi:noNamespaceSchemaLocation="https://maven.apache.org/surefire/maven-surefire-plugin/xsd/surefire-test-report.xsd" name="mef.lab3tester_v2.TestMonster" time="0.129" tests="10" errors="0" skipped="0" failures="1">
  <properties>
    <property name="sun.desktop" value="windows"/>
    <property name="awt.toolkit" value="sun.awt.windows.WToolkit"/>
    <property name="java.specification.version" value="12"/>
    <property name="sun.cpu.isalist" value="amd64"/>
    <property name="sun.jnu.encoding" value="Cp1252"/>
    <property name="java.class.path" value="C:\Users\mefos_000\eclipse-workspace-2019\lab3tester-v2\target\test-classes;C:\Users\mefos_000\eclipse-workspace-2019\lab3tester-v2\target\classes;C:\Users\mefos_000\OneDrive for Business\Teaching\PSD - Bootcamp\Slides\Java lecture 3 - Maven\.m2\repository\org\junit\jupiter\junit-jupiter-api\5.5.2\junit-jupiter-api-5.5.2.jar;C:\Users\mefos_000\OneDrive for Business\Teaching\PSD - Bootcamp\Slides\Java lecture 3 - Maven\.m2\repository\org\apiguardian\apiguardian-api\1.1.0\apiguardian-api-1.1.0.jar;C:\Users\mefos_000\OneDrive for Business\Teaching\PSD - Bootcamp\Slides\Java lecture 3 - Maven\.m2\repository\org\opentest4j\opentest4j\1.2.0\opentest4j-1.2.0.jar;C:\Users\mefos_000\OneDrive for Business\Teaching\PSD - Bootcamp\Slides\Java lecture 3 - Maven\.m2\repository\org\junit\platform\junit-platform-commons\1.5.2\junit-platform-commons-1.5.2.jar;C:\Users\mefos_000\OneDrive for Business\Teaching\PSD - Bootcamp\Slides\Java lecture 3 - Maven\.m2\repository\org\junit\jupiter\junit-jupiter-engine\5.5.2\junit-jupiter-engine-5.5.2.jar;C:\Users\mefos_000\OneDrive for Business\Teaching\PSD - Bootcamp\Slides\Java lecture 3 - Maven\.m2\repository\org\junit\platform\junit-platform-engine\1.5.2\junit-platform-engine-1.5.2.jar;C:\Users\mefos_000\OneDrive for Business\Teaching\PSD - Bootcamp\Slides\Java lecture 3 - Maven\.m2\repository\junit\junit\4.12\junit-4.12.jar;C:\Users\mefos_000\OneDrive for Business\Teaching\PSD - Bootcamp\Slides\Java lecture 3 - Maven\.m2\repository\org\hamcrest\hamcrest-core\1.3\hamcrest-core-1.3.jar;C:\Users\mefos_000\OneDrive for Business\Teaching\PSD - Bootcamp\Slides\Java lecture 3 - Maven\.m2\repository\org\junit\vintage\junit-vintage-engine\5.5.2\junit-vintage-engine-5.5.2.jar;"/>
    <property name="java.vm.vendor" value="Oracle Corporation"/>
    <property name="sun.arch.data.model" value="64"/>
    <property name="user.variant" value=""/>
    <property name="java.vendor.url" value="https://java.oracle.com/"/>
    <property name="user.timezone" value="Europe/London"/>
    <property name="os.name" value="Windows 10"/>
    <property name="java.vm.specification.version" value="12"/>
    <property name="sun.java.launcher" value="SUN_STANDARD"/>
    <property name="user.country" value="GB"/>
    <property name="sun.boot.library.path" value="C:\Program Files\Java\jdk-12.0.1\bin"/>
    <property name="sun.java.command" value="C:\Users\MEFOS_~1\AppData\Local\Temp\surefire328150336901209911\surefirebooter8408346436819248378.jar C:\Users\mefos_000\AppData\Local\Temp\surefire328150336901209911 2019-10-29T13-31-27_599-jvmRun1 surefire11021087781099343533tmp surefire_013033898914498864406tmp"/>
    <property name="jdk.debug" value="release"/>
    <property name="surefire.test.class.path" value="C:\Users\mefos_000\eclipse-workspace-2019\lab3tester-v2\target\test-classes;C:\Users\mefos_000\eclipse-workspace-2019\lab3tester-v2\target\classes;C:\Users\mefos_000\OneDrive for Business\Teaching\PSD - Bootcamp\Slides\Java lecture 3 - Maven\.m2\repository\org\junit\jupiter\junit-jupiter-api\5.5.2\junit-jupiter-api-5.5.2.jar;C:\Users\mefos_000\OneDrive for Business\Teaching\PSD - Bootcamp\Slides\Java lecture 3 - Maven\.m2\repository\org\apiguardian\apiguardian-api\1.1.0\apiguardian-api-1.1.0.jar;C:\Users\mefos_000\OneDrive for Business\Teaching\PSD - Bootcamp\Slides\Java lecture 3 - Maven\.m2\repository\org\opentest4j\opentest4j\1.2.0\opentest4j-1.2.0.jar;C:\Users\mefos_000\OneDrive for Business\Teaching\PSD - Bootcamp\Slides\Java lecture 3 - Maven\.m2\repository\org\junit\platform\junit-platform-commons\1.5.2\junit-platform-commons-1.5.2.jar;C:\Users\mefos_000\OneDrive for Business\Teaching\PSD - Bootcamp\Slides\Java lecture 3 - Maven\.m2\repository\org\junit\jupiter\junit-jupiter-engine\5.5.2\junit-jupiter-engine-5.5.2.jar;C:\Users\mefos_000\OneDrive for Business\Teaching\PSD - Bootcamp\Slides\Java lecture 3 - Maven\.m2\repository\org\junit\platform\junit-platform-engine\1.5.2\junit-platform-engine-1.5.2.jar;C:\Users\mefos_000\OneDrive for Business\Teaching\PSD - Bootcamp\Slides\Java lecture 3 - Maven\.m2\repository\junit\junit\4.12\junit-4.12.jar;C:\Users\mefos_000\OneDrive for Business\Teaching\PSD - Bootcamp\Slides\Java lecture 3 - Maven\.m2\repository\org\hamcrest\hamcrest-core\1.3\hamcrest-core-1.3.jar;C:\Users\mefos_000\OneDrive for Business\Teaching\PSD - Bootcamp\Slides\Java lecture 3 - Maven\.m2\repository\org\junit\vintage\junit-vintage-engine\5.5.2\junit-vintage-engine-5.5.2.jar;"/>
    <property name="sun.cpu.endian" value="little"/>
    <property name="user.home" value="C:\Users\mefos_000"/>
    <property name="user.language" value="en"/>
    <property name="java.specification.vendor" value="Oracle Corporation"/>
    <property name="java.version.date" value="2019-04-16"/>
    <property name="java.home" value="C:\Program Files\Java\jdk-12.0.1"/>
    <property name="file.separator" value="\"/>
    <property name="basedir" value="C:\Users\mefos_000\eclipse-workspace-2019\lab3tester-v2"/>
    <property name="java.vm.compressedOopsMode" value="32-bit"/>
    <property name="line.separator" value="&#10;"/>
    <property name="java.vm.specification.vendor" value="Oracle Corporation"/>
    <property name="java.specification.name" value="Java Platform API Specification"/>
    <property name="java.awt.graphicsenv" value="sun.awt.Win32GraphicsEnvironment"/>
    <property name="surefire.real.class.path" value="C:\Users\MEFOS_~1\AppData\Local\Temp\surefire328150336901209911\surefirebooter8408346436819248378.jar"/>
    <property name="user.script" value=""/>
    <property name="sun.management.compiler" value="HotSpot 64-Bit Tiered Compilers"/>
    <property name="java.runtime.version" value="12.0.1+12"/>
    <property name="user.name" value="mefoster"/>
    <property name="path.separator" value=";"/>
    <property name="os.version" value="10.0"/>
    <property name="java.runtime.name" value="Java(TM) SE Runtime Environment"/>
    <property name="file.encoding" value="Cp1252"/>
    <property name="java.vm.name" value="Java HotSpot(TM) 64-Bit Server VM"/>
    <property name="localRepository" value="C:\Users\mefos_000\OneDrive for Business\Teaching\PSD - Bootcamp\Slides\Java lecture 3 - Maven\.m2\repository"/>
    <property name="java.vendor.url.bug" value="https://bugreport.java.com/bugreport/"/>
    <property name="java.io.tmpdir" value="C:\Users\MEFOS_~1\AppData\Local\Temp\"/>
    <property name="java.version" value="12.0.1"/>
    <property name="user.dir" value="C:\Users\mefos_000\eclipse-workspace-2019\lab3tester-v2"/>
    <property name="os.arch" value="amd64"/>
    <property name="java.vm.specification.name" value="Java Virtual Machine Specification"/>
    <property name="sun.os.patch.level" value=""/>
    <property name="java.library.path" value="C:\Program Files\Java\jdk-12.0.1\bin;C:\WINDOWS\Sun\Java\bin;C:\WINDOWS\system32;C:\WINDOWS;C:/Program Files/Java/jdk-12.0.1/bin/server;C:/Program Files/Java/jdk-12.0.1/bin;C:\java\jdk-12.0.2\bin;C:\Program Files (x86)\Common Files\Oracle\Java\javapath;C:\Program Files\Dell\DW WLAN Card;C:\Program Files (x86)\Intel\iCLS Client\;C:\Program Files\Intel\iCLS Client\;C:\WINDOWS\system32;C:\WINDOWS;C:\WINDOWS\System32\Wbem;C:\WINDOWS\System32\WindowsPowerShell\v1.0\;C:\Program Files\WIDCOMM\Bluetooth Software\;C:\Program Files\WIDCOMM\Bluetooth Software\syswow64;C:\Program Files\Microsoft\Web Platform Installer\;C:\Program Files (x86)\Microsoft ASP.NET\ASP.NET Web Pages\v1.0\;C:\Program Files\Microsoft SQL Server\110\Tools\Binn\;C:\Program Files\TortoiseSVN\bin;C:\WINDOWS\system32\config\systemprofile\.dnx\bin;C:\Program Files\Microsoft DNX\Dnvm\;C:\Program Files\Microsoft SQL Server\130\Tools\Binn\;C:\Python27;C:\Python27\Scripts;C:\Program Files (x86)\Windows Live\Shared;C:\Program Files\CMake\bin;C:\Program Files\TortoiseGit\bin;C:\Program Files (x86)\Windows Kits\8.1\Windows Performance Toolkit\;C:\Program Files\Git\cmd;C:\Program Files\Intel\Intel(R) Management Engine Components\DAL;C:\Program Files\Intel\Intel(R) Management Engine Components\IPT;C:\Android;C:\Windows\System32;C:\WINDOWS\System32\OpenSSH\;C:\texlive\2018\bin\win32;C:\Program Files (x86)\ZeroC\Ice-3.6.2\bin\vc140;C:\Users\mefos_000\AppData\Local\Microsoft\WindowsApps;C:\Users\mefos_000\IrisTK;C:\java\jdk-12.0.2\bin;;C:\WINDOWS\system32;;."/>
    <property name="java.vm.info" value="mixed mode, sharing"/>
    <property name="java.vendor" value="Oracle Corporation"/>
    <property name="java.vm.version" value="12.0.1+12"/>
    <property name="sun.io.unicode.encoding" value="UnicodeLittle"/>
    <property name="java.class.version" value="56.0"/>
  </properties>
  <testcase name="testKOMonsterCannotBeAttacked" classname="mef.lab3tester_v2.TestMonster" time="0.05"/>
  <testcase name="testRemoveHitPointsShouldNotGoNegative" classname="mef.lab3tester_v2.TestMonster" time="0.006"/>
  <testcase name="testMonsterHasCorrectMethods" classname="mef.lab3tester_v2.TestMonster" time="0.002"/>
  <testcase name="testMonsterCanAttackItsTwin" classname="mef.lab3tester_v2.TestMonster" time="0.001"/>
  <testcase name="testMonsterCannotAttackItself" classname="mef.lab3tester_v2.TestMonster" time="0.002"/>
  <testcase name="testMonsterHasCorrectFields" classname="mef.lab3tester_v2.TestMonster" time="0.021">
    <failure message="Field(s) are not private: [type]" type="java.lang.AssertionError">java.lang.AssertionError: Field(s) are not private: [type]
	at mef.lab3tester_v2.TestMonster.testMonsterHasCorrectFields(TestMonster.java:89)
</failure>
  </testcase>
  <testcase name="testMonsterMethodSignaturesCorrect" classname="mef.lab3tester_v2.TestMonster" time="0.003"/>
  <testcase name="testAttack" classname="mef.lab3tester_v2.TestMonster" time="0.002"/>
  <testcase name="testBadAttackNameDoesNotWork" classname="mef.lab3tester_v2.TestMonster" time="0.001"/>
  <testcase name="testKOMonsterCannotAttack" classname="mef.lab3tester_v2.TestMonster" time="0.001"/>
</testsuite>